2021-07-20 11:01:49,370 [Worker-0: Loading available Gradle versions] INFO  o.e.b.c.i.u.g.PublishedGradleVersions - Gradle version information cache is up-to-date. Trying to read.
2021-07-25 15:19:05,167 [Worker-5: Loading available Gradle versions] INFO  o.e.b.c.i.u.g.PublishedGradleVersions - Gradle version information cache is up-to-date. Trying to read.
2021-07-25 15:23:02,284 [Worker-2: Loading available Gradle versions] INFO  o.e.b.c.i.u.g.PublishedGradleVersions - Gradle version information cache is up-to-date. Trying to read.
2021-07-25 15:23:47,720 [Worker-2: Importing Maven projects] INFO  o.e.m.c.i.l.LifecycleMappingFactory - Using org.eclipse.m2e.jdt.JarLifecycleMapping lifecycle mapping for MavenProject: br.com.devinhouse.grupo04:projeto05:0.0.1-SNAPSHOT @ C:\Users\Scila\Desktop\Brayan-p6\devinhouse-projeto-6\Projetos\BackEnd\devinhouse-projeto-final-modulo-2\pom.xml.
2021-07-25 15:23:58,984 [Worker-2: Importing Maven projects] INFO  o.e.m.j.i.AbstractJavaProjectConfigurator - Adding source folder /projeto05/src/main/java
2021-07-25 15:23:58,986 [Worker-2: Importing Maven projects] INFO  o.e.m.j.i.AbstractJavaProjectConfigurator - Adding resource folder /projeto05/src/main/resources
2021-07-25 15:23:59,004 [Worker-2: Importing Maven projects] INFO  o.e.m.j.i.AbstractJavaProjectConfigurator - Adding resource folder /projeto05/src/main/resources
2021-07-25 15:23:59,048 [Worker-2: Importing Maven projects] INFO  o.e.m.j.i.AbstractJavaProjectConfigurator - Adding source folder /projeto05/src/test/java
2021-07-25 15:23:59,050 [Worker-2: Importing Maven projects] INFO  o.e.m.j.i.AbstractJavaProjectConfigurator - Adding resource folder /projeto05/src/test/resources
2021-07-25 15:24:07,545 [Worker-2: Importing Maven projects] INFO  o.e.m.c.i.p.ProjectConfigurationManager - Imported and configured 1 project(s) in 31 sec
2021-07-25 15:24:14,887 [Worker-1: Building] INFO  o.e.m.c.i.embedder.EclipseLogger - Using 'UTF-8' encoding to copy filtered resources.
2021-07-25 15:24:14,897 [Worker-1: Building] INFO  o.e.m.c.i.embedder.EclipseLogger - Using 'UTF-8' encoding to copy filtered properties files.
2021-07-25 15:24:14,914 [Worker-1: Building] INFO  o.e.m.c.i.embedder.EclipseLogger - Copying 1 resource
2021-07-25 15:24:14,970 [Worker-1: Building] INFO  o.e.m.c.i.embedder.EclipseLogger - Copying 0 resource
2021-07-25 15:24:14,976 [Worker-1: Building] INFO  o.e.m.c.i.embedder.EclipseLogger - Using 'UTF-8' encoding to copy filtered resources.
2021-07-25 15:24:14,977 [Worker-1: Building] INFO  o.e.m.c.i.embedder.EclipseLogger - Using 'UTF-8' encoding to copy filtered properties files.
2021-07-25 15:24:14,978 [Worker-1: Building] INFO  o.e.m.c.i.embedder.EclipseLogger - Copying 1 resource
2021-07-25 15:25:50,899 [Worker-11: Launching Executing install in C__Users_Scila_Desktop_Brayan-p6_devinhouse-projeto-6_Projetos_BackEnd_devinhouse-projeto-final-modulo-2] INFO  o.e.m.i.launch.MavenLaunchDelegate - C:\Users\Scila\Desktop\Brayan-p6\devinhouse-projeto-6\Projetos\BackEnd\devinhouse-projeto-final-modulo-2
2021-07-25 15:25:50,903 [Worker-11: Launching Executing install in C__Users_Scila_Desktop_Brayan-p6_devinhouse-projeto-6_Projetos_BackEnd_devinhouse-projeto-final-modulo-2] INFO  o.e.m.i.launch.MavenLaunchDelegate -  mvn -B install
2021-07-25 15:26:44,940 [Worker-11: Building] INFO  o.e.m.c.i.embedder.EclipseLogger - Using 'UTF-8' encoding to copy filtered resources.
2021-07-25 15:26:44,941 [Worker-11: Building] INFO  o.e.m.c.i.embedder.EclipseLogger - Using 'UTF-8' encoding to copy filtered properties files.
2021-07-25 15:26:44,945 [Worker-11: Building] INFO  o.e.m.c.i.embedder.EclipseLogger - Copying 1 resource
2021-07-25 15:26:44,959 [Worker-11: Building] INFO  o.e.m.c.i.embedder.EclipseLogger - Copying 0 resource
2021-07-25 15:26:44,963 [Worker-11: Building] INFO  o.e.m.c.i.embedder.EclipseLogger - Using 'UTF-8' encoding to copy filtered resources.
2021-07-25 15:26:44,963 [Worker-11: Building] INFO  o.e.m.c.i.embedder.EclipseLogger - Using 'UTF-8' encoding to copy filtered properties files.
2021-07-25 15:26:44,965 [Worker-11: Building] INFO  o.e.m.c.i.embedder.EclipseLogger - Copying 1 resource
